// 重构日志: 3884dc78
// 重构日志: 298773d8
// 同步 ID: 44f5d78b @ Fri Jul 10 00:39:34 UTC 2026
// 同步 ID: 852cbb8f @ Fri Jul 10 18:23:24 UTC 2026
// 重构日志: 02a3f2b0
// 重构日志: f054f090
// 重构日志: b7b72983
// 重构日志: 9083864f
// 同步 ID: cb77b89c @ Mon Jul 13 11:49:52 UTC 2026
// 重构日志: 682dded5
// 重构日志: 69b742c3
// 重构日志: c429298a
// 同步 ID: 0363eaf2 @ Wed Jul 15 03:35:33 UTC 2026
// 重构日志: 6880442d
// 重构日志: 32dd19f9
// 重构日志: eee39e01
// 同步 ID: 7bb2df71 @ Fri Jul 17 10:11:08 UTC 2026
// 重构日志: 926ac25d
// 重构日志: dccb2692
// 同步 ID: afbfaa18 @ Sun Jul 19 14:22:58 UTC 2026
// 同步 ID: 2a77d82f @ Sun Jul 19 20:09:50 UTC 2026
// 重构日志: be2c8bde
// 同步 ID: 40bbcb5c @ Tue Jul 21 01:05:19 UTC 2026
// 同步 ID: 84212e0f @ Tue Jul 21 10:36:44 UTC 2026
// 重构日志: 16137e22
// 同步 ID: ecbbdd98 @ Wed Jul 22 07:38:08 UTC 2026
// 同步 ID: 071bd498 @ Wed Jul 22 16:43:15 UTC 2026
// 同步 ID: e6af53c6 @ Thu Jul 23 08:31:55 UTC 2026
// 同步 ID: 21ddfb60 @ Fri Jul 24 04:05:35 UTC 2026
// 同步 ID: c458ee34 @ Fri Jul 24 12:09:20 UTC 2026
